C51 COMPILER V9.00   GF3658                                                                10/22/2020 14:49:10 PAGE 1   


C51 COMPILER V9.00, COMPILATION OF MODULE GF3658
OBJECT MODULE PLACED IN .\out\GF3658.obj
COMPILER INVOKED BY: C:\program\keil\C51\BIN\C51.EXE src\GF3658.c BROWSE DEBUG OBJECTEXTEND PRINT(.\GF3658.lst) OBJECT(.
                    -\out\GF3658.obj)

line level    source

   1          #include "config.h"
   2          #include "GF3658.h"
   3          
   4          void GF3658_init(void)
   5          {
   6   1          P1M0 |= 0x11;
   7   1              P2M0 |= 0x70;
   8   1          
   9   1      
  10   1          COM1 = 0;
  11   1              COM2 = 0;
  12   1              COM3 = 0;
  13   1              COM4 = 0;
  14   1              COM5 = 0;
  15   1      
  16   1              set1 = 1;
  17   1              set2 = 1;
  18   1              set3 = 1;
  19   1              set4 = 1;
  20   1              set5 = 1;
  21   1              set6 = 1;
  22   1              set7 = 1;
  23   1              set8 = 1;
  24   1      
  25   1      }
  26          
  27          void GF3658_data(unsigned char data1)
  28          {
  29   1               unsigned char shi,ge;
  30   1               data1 = (data1%100);
  31   1           shi  = (data1/10);
  32   1           COM1 = 1;
  33   1               GF3658_display(shi);
  34   1               delay_GF();
  35   1               COM1 = 0;
  36   1               set1 = 1;
  37   1               set2 = 1;
  38   1               set3 = 1;
  39   1               set4 = 1;
  40   1               set5 = 1;
  41   1               set6 = 1;
  42   1               set7 = 1;
  43   1               delay_GF();
  44   1      
  45   1               ge   = data1%10;
  46   1               COM2 = 1;
  47   1               GF3658_display(ge);
  48   1               delay_GF();
  49   1               COM2 = 0;
  50   1               set1 = 1;
  51   1               set2 = 1;
  52   1               set3 = 1;
  53   1               set4 = 1;
  54   1               set5 = 1;
C51 COMPILER V9.00   GF3658                                                                10/22/2020 14:49:10 PAGE 2   

  55   1               set6 = 1;
  56   1               set7 = 1;
  57   1               delay_GF();
  58   1      }
  59          
  60          void GF3658_display(unsigned char data2)
  61          {
  62   1          switch      (data2)
  63   1              {
  64   2                  case 0x00:
  65   2                              set1 = 0;
  66   2                                      set2 = 0;
  67   2                                      set3 = 0;
  68   2                                      set4 = 0;
  69   2                                      set5 = 0;
  70   2                                      set6 = 0;
  71   2                                  set7 = 1;
  72   2                                      break;
  73   2                  case 0x01:
  74   2                              set1 = 1;
  75   2                                      set2 = 0;
  76   2                                      set3 = 0;
  77   2                                      set4 = 1;
  78   2                                      set5 = 1;
  79   2                                      set6 = 1;
  80   2                                      set7 = 1;
  81   2                                      break;
  82   2                  case 0x02:
  83   2                              set1 = 0;
  84   2                                      set2 = 0;
  85   2                                      set3 = 1;
  86   2                                      set4 = 0;
  87   2                                      set5 = 0;
  88   2                                      set6 = 1;
  89   2                                      set7 = 0;
  90   2                                      break;
  91   2                  case 0x03:
  92   2                              set1 = 0;
  93   2                                      set2 = 0;
  94   2                                      set3 = 0;
  95   2                                      set4 = 0;
  96   2                                      set5 = 1;
  97   2                                      set6 = 1;
  98   2                                  set7 = 0;
  99   2                                      break;
 100   2                  case 0x04:
 101   2                              set1 = 1;
 102   2                                      set2 = 0;
 103   2                                      set3 = 0;
 104   2                                      set4 = 1;
 105   2                                      set5 = 1;
 106   2                                      set6 = 0;
 107   2                                      set7 = 0;
 108   2                                      break;
 109   2                  case 0x05:
 110   2                              set1 = 0;
 111   2                                      set2 = 1;
 112   2                                      set3 = 0;
 113   2                                      set4 = 0;
 114   2                                      set5 = 1;
 115   2                                      set6 = 0;
 116   2                                      set7 = 0;
C51 COMPILER V9.00   GF3658                                                                10/22/2020 14:49:10 PAGE 3   

 117   2                                      break;
 118   2                  case 0x06:
 119   2                              set1 = 0;
 120   2                                      set2 = 1;
 121   2                                      set3 = 0;
 122   2                                      set4 = 0;
 123   2                                      set5 = 0;
 124   2                                      set6 = 0;
 125   2                                      set7 = 0;
 126   2                                      break;
 127   2                  case 0x07:
 128   2                              set1 = 0;
 129   2                                      set2 = 0;
 130   2                                      set3 = 0;
 131   2                                      set4 = 1;
 132   2                                      set5 = 1;
 133   2                                      set6 = 1;
 134   2                                      set7 = 1;
 135   2                                      break;
 136   2                  case 0x08:
 137   2                              set1 = 0;
 138   2                                      set2 = 0;
 139   2                                      set3 = 0;
 140   2                                      set4 = 0;
 141   2                                      set5 = 0;
 142   2                                      set6 = 0;
 143   2                                      set7 = 0;
 144   2                                      break;
 145   2                  case 0x09:
 146   2                              set1 = 0;
 147   2                                      set2 = 0;
 148   2                                      set3 = 0;
 149   2                                      set4 = 1;
 150   2                                      set5 = 1;
 151   2                                      set6 = 0;
 152   2                                      set7 = 0;
 153   2                                      break;
 154   2                       
 155   2              }
 156   1      }
 157          
 158          void GF3658_map(unsigned char map)
 159          {   
 160   1          COM1 = 0;
 161   1              COM2 = 0;
 162   1          switch (map)
 163   1              {
 164   2                  case 0x01:
 165   2                             COM3 = 1;
 166   2                                 set1 = 0;
 167   2                                 delay_GF2(20);
 168   2                                 set1 = 1;
 169   2                                 COM3 = 0;
 170   2                                 break;
 171   2                      case 0x02:
 172   2                             COM3 = 1;
 173   2                                 set2 = 0;
 174   2                                 delay_GF2(20);
 175   2                                 set2 = 1;
 176   2                                 COM3 = 0;
 177   2                                 break;
 178   2                      case 0x03:
C51 COMPILER V9.00   GF3658                                                                10/22/2020 14:49:10 PAGE 4   

 179   2                             COM3 = 1;
 180   2                                 set3 = 0;
 181   2                                 delay_GF2(20);
 182   2                                 set3 = 1;
 183   2                                 COM3 = 0;
 184   2                                 break;
 185   2                      case 0x04:
 186   2                             COM3 = 1;
 187   2                                 set4 = 0;
 188   2                                 delay_GF2(20);
 189   2                                 set4 = 1;
 190   2                                 COM3 = 0;
 191   2                                 break;
 192   2                      case 0x05:
 193   2                             COM3 = 1;
 194   2                                 set5 = 0;
 195   2                                 delay_GF2(20);
 196   2                                 set5 = 1;
 197   2                                 COM3 = 0;
 198   2                                 break;
 199   2                      case 0x06:
 200   2                             COM3 = 1;
 201   2                                 set6 = 0;
 202   2                                 delay_GF2(20);
 203   2                                 set6 = 1;
 204   2                                 COM3 = 0;
 205   2                                 break;
 206   2                      case 0x07:
 207   2                             COM3 = 1;
 208   2                                 set7 = 0;
 209   2                                 delay_GF2(20);
 210   2                                 set7 = 1;
 211   2                                 COM3 = 0;
 212   2                                 break;
 213   2                      case 0x08:
 214   2                             COM5 = 1;
 215   2                                 set8 = 0;
 216   2                                 delay_GF2(20);
 217   2                                 set8 = 1;
 218   2                                 COM5 = 0;
 219   2                                 break;
 220   2                      case 0x09:
 221   2                             COM4 = 1;
 222   2                                 set1 = 0;
 223   2                                 delay_GF();
 224   2                                 set1 = 1;
 225   2                                 COM4 = 0;
 226   2                                 break;
 227   2                      case 0x0A:
 228   2                             COM4 = 1;
 229   2                                 set2 = 0;
 230   2                                 delay_GF();
 231   2                                 set2 = 1;
 232   2                                 COM4 = 0;
 233   2                                 break;
 234   2                  case 0x0B:
 235   2                             COM4 = 1;
 236   2                                 set3 = 0;
 237   2                                 delay_GF();
 238   2                                 set3 = 1;
 239   2                                 COM4 = 0;
 240   2                                 break;
C51 COMPILER V9.00   GF3658                                                                10/22/2020 14:49:10 PAGE 5   

 241   2                      case 0x0C:
 242   2                             COM4 = 1;
 243   2                                 set4 = 0;
 244   2                                 delay_GF();
 245   2                                 set4 = 1;
 246   2                                 COM4 = 0;
 247   2                                 break;
 248   2                       case 0x0D:
 249   2                             COM4 = 1;
 250   2                                 set5 = 0;
 251   2                                 delay_GF();
 252   2                                 set5 = 1;
 253   2                                 COM4 = 0;
 254   2                                 break;
 255   2                   case 0x0E:
 256   2                             COM4 = 1;
 257   2                                 set6 = 0;
 258   2                                 delay_GF();
 259   2                                 set6 = 1;
 260   2                                 COM4 = 0;
 261   2                                 break;
 262   2                             
 263   2      
 264   2              }
 265   1      }
 266          
 267          void GF3658(void)
 268          {
 269   1          COM4 = 1;
 270   1              set1 = 0;
 271   1              delay_ms(25);
 272   1              set2 = 0;
 273   1              delay_ms(25);
 274   1              set3 = 0;
 275   1              delay_ms(25);
 276   1              set4 = 0;
 277   1              delay_ms(25);
 278   1              COM4 = 0;
 279   1              set1 = 1;
 280   1              set2 = 1;
 281   1              set3 = 1;
 282   1              set4 = 1;
 283   1      }
 284          
 285          
 286          void delay_GF(void)
 287          {
 288   1          unsigned char a;
 289   1          for(a=164;a>0;a--);
 290   1              for(a=164;a>0;a--);
 291   1              
 292   1      
 293   1      }
 294                                                    
 295          void delay_GF2(unsigned char n)
 296          {
 297   1          unsigned char i;
 298   1          for(i = 0; i < n; i++)
 299   1              {
 300   2              delay_GF();
 301   2              }
 302   1      }
C51 COMPILER V9.00   GF3658                                                                10/22/2020 14:49:10 PAGE 6   

 303          


MODULE INFORMATION:   STATIC OVERLAYABLE
   CODE SIZE        =    587    ----
   CONSTANT SIZE    =   ----    ----
   XDATA SIZE       =   ----    ----
   PDATA SIZE       =   ----    ----
   DATA SIZE        =   ----       1
   IDATA SIZE       =   ----    ----
   BIT SIZE         =   ----    ----
END OF MODULE INFORMATION.


C51 COMPILATION COMPLETE.  0 WARNING(S),  0 ERROR(S)
